<?xml version="1.0" encoding="UTF-8"?>
<!-- Generated by org.testng.reporters.JUnitXMLReporter -->
<testsuite ignored="0" hostname="PradeepChuhan" failures="0" tests="8" name="Default test" time="231.049" errors="0" timestamp="2024-11-11T16:41:45 IST">
  <testcase classname="login.LoginPage_TestCases" name="Verify_GooglePlay_button_on_LoginPage" time="0.232"/>
  <testcase classname="login.LoginPage_TestCases" name="Verify_ManadatoryField_validationMessage" time="0.391"/>
  <testcase classname="login.LoginPage_TestCases" name="Verify_Login_With_InvalidEmailAddress" time="0.568"/>
  <testcase classname="login.LoginPage_TestCases" name="Verify_login_with_Non_RegisteredEmailAddress" time="2.617"/>
  <testcase classname="login.LoginPage_TestCases" name="Verify_Login_With_Valid_EmailAddress_Invalid_Password" time="2.603"/>
  <testcase classname="login.LoginPage_TestCases" name="Verify_Login_with_valid_Credential" time="2.484"/>
  <testcase classname="login.LoginPage_TestCases" name="Verify_SignUp_link_on_LoginPage" time="19.482"/>
  <testcase classname="login.LoginPage_TestCases" name="Verify_ForgotPassword_Link_on_LoginPage" time="0.507"/>
</testsuite> <!-- Default test -->
