<?xml version="1.0" encoding="UTF-8"?>
<!-- Generated by org.testng.reporters.JUnitXMLReporter -->
<testsuite ignored="0" hostname="PradeepChuhan" failures="0" tests="4" name="Default test" time="80.269" errors="0" timestamp="2024-11-12T19:26:48 IST">
  <testcase classname="login.Verify_login_with_MultipleSetData" name="Verify_Login_functionality_with_multiple_SetData" time="2.857"/>
  <testcase classname="login.Verify_login_with_MultipleSetData" name="Verify_Login_functionality_with_multiple_SetData" time="2.507"/>
  <testcase classname="login.Verify_login_with_MultipleSetData" name="Verify_Login_functionality_with_multiple_SetData" time="2.923"/>
  <testcase classname="login.Verify_login_with_MultipleSetData" name="Verify_Login_functionality_with_multiple_SetData" time="2.884"/>
</testsuite> <!-- Default test -->
