<?xml version="1.0" encoding="UTF-8"?>
<!-- Generated by org.testng.reporters.JUnitXMLReporter -->
<testsuite ignored="0" hostname="PradeepChuhan" failures="0" tests="13" name="Test" time="245.186" errors="0" timestamp="2024-11-26T16:15:20 IST">
  <testcase classname="login.Verify_login_with_MultipleSetData" name="Verify_Login_functionality_with_multiple_SetData" time="2.834"/>
  <testcase classname="login.Verify_login_with_MultipleSetData" name="Verify_Login_functionality_with_multiple_SetData" time="2.548"/>
  <testcase classname="login.Verify_login_with_MultipleSetData" name="Verify_Login_functionality_with_multiple_SetData" time="2.929"/>
  <testcase classname="login.Verify_login_with_MultipleSetData" name="Verify_Login_functionality_with_multiple_SetData" time="2.857"/>
  <testcase classname="login.LoginPage_TestCases" name="Verify_GooglePlay_button_on_LoginPage" time="0.186"/>
  <testcase classname="login.LoginPage_TestCases" name="Verify_ManadatoryField_validationMessage" time="0.168"/>
  <testcase classname="login.LoginPage_TestCases" name="Verify_Login_With_InvalidEmailAddress" time="0.428"/>
  <testcase classname="login.LoginPage_TestCases" name="Verify_login_with_Non_RegisteredEmailAddress" time="2.468"/>
  <testcase classname="login.LoginPage_TestCases" name="Verify_Login_With_Valid_EmailAddress_Invalid_Password" time="2.427"/>
  <testcase classname="login.LoginPage_TestCases" name="Verify_Login_with_valid_Credential" time="15.783"/>
  <testcase classname="login.LoginPage_TestCases" name="Verify_SignUp_link_on_LoginPage" time="0.19"/>
  <testcase classname="login.LoginPage_TestCases" name="Verify_ForgotPassword_Link_on_LoginPage" time="0.289"/>
  <testcase classname="login.LoginSuccessfull" name="login" time="5.453"/>
</testsuite> <!-- Test -->
