<?xml version="1.0" encoding="UTF-8"?>
<!-- Generated by org.testng.reporters.JUnitXMLReporter -->
<testsuite ignored="7" hostname="PradeepChuhan" failures="0" tests="1" name="Verify_login_with_valid_credential" time="18.864" errors="0" timestamp="2024-11-26T17:15:34 IST">
  <testcase classname="login.LoginPage_TestCases" name="Verify_Login_with_valid_Credential" time="2.402"/>
  <testcase classname="login.LoginPage_TestCases" name="Verify_Login_With_InvalidEmailAddress" time="0.0">
    <ignored/>
  </testcase> <!-- Verify_Login_With_InvalidEmailAddress -->
  <testcase classname="login.LoginPage_TestCases" name="Verify_SignUp_link_on_LoginPage" time="0.0">
    <ignored/>
  </testcase> <!-- Verify_SignUp_link_on_LoginPage -->
  <testcase classname="login.LoginPage_TestCases" name="Verify_ForgotPassword_Link_on_LoginPage" time="0.0">
    <ignored/>
  </testcase> <!-- Verify_ForgotPassword_Link_on_LoginPage -->
  <testcase classname="login.LoginPage_TestCases" name="Verify_login_with_Non_RegisteredEmailAddress" time="0.0">
    <ignored/>
  </testcase> <!-- Verify_login_with_Non_RegisteredEmailAddress -->
  <testcase classname="login.LoginPage_TestCases" name="Verify_Login_With_Valid_EmailAddress_Invalid_Password" time="0.0">
    <ignored/>
  </testcase> <!-- Verify_Login_With_Valid_EmailAddress_Invalid_Password -->
  <testcase classname="login.LoginPage_TestCases" name="Verify_ManadatoryField_validationMessage" time="0.0">
    <ignored/>
  </testcase> <!-- Verify_ManadatoryField_validationMessage -->
  <testcase classname="login.LoginPage_TestCases" name="Verify_GooglePlay_button_on_LoginPage" time="0.0">
    <ignored/>
  </testcase> <!-- Verify_GooglePlay_button_on_LoginPage -->
</testsuite> <!-- Verify_login_with_valid_credential -->
