<?xml version="1.0" encoding="UTF-8"?>
<testng-results ignored="0" total="4" passed="4" failed="0" skipped="0">
  <reporter-output>
  </reporter-output>
  <suite started-at="2024-11-12T19:25:28 IST" name="Default suite" finished-at="2024-11-12T19:26:48 IST" duration-ms="80269">
    <groups>
    </groups>
    <test started-at="2024-11-12T19:25:28 IST" name="Default test" finished-at="2024-11-12T19:26:48 IST" duration-ms="80269">
      <class name="login.Verify_login_with_MultipleSetData">
        <test-method is-config="true" signature="launchBrowser()[pri:0, instance:login.Verify_login_with_MultipleSetData@19b843ba]" started-at="2024-11-12T19:25:28 IST" name="launchBrowser" finished-at="2024-11-12T19:25:46 IST" duration-ms="18638" status="PASS">
          <reporter-output>
          </reporter-output>
        </test-method> <!-- launchBrowser -->
        <test-method signature="Verify_Login_functionality_with_multiple_SetData(java.lang.String,java.lang.String)[pri:0, instance:login.Verify_login_with_MultipleSetData@19b843ba]" started-at="2024-11-12T19:25:46 IST" name="Verify_Login_functionality_with_multiple_SetData" data-provider="LoginTestData1" finished-at="2024-11-12T19:25:49 IST" duration-ms="2857" status="PASS">
          <params>
            <param index="0">
              <value>
                <![CDATA[akash2806]]>
              </value>
            </param>
            <param index="1">
              <value>
                <![CDATA[Admin@123]]>
              </value>
            </param>
          </params>
          <reporter-output>
          </reporter-output>
        </test-method> <!-- Verify_Login_functionality_with_multiple_SetData -->
        <test-method is-config="true" signature="closeBrowser()[pri:0, instance:login.Verify_login_with_MultipleSetData@19b843ba]" started-at="2024-11-12T19:25:49 IST" name="closeBrowser" finished-at="2024-11-12T19:25:50 IST" duration-ms="316" status="PASS">
          <reporter-output>
          </reporter-output>
        </test-method> <!-- closeBrowser -->
        <test-method is-config="true" signature="launchBrowser()[pri:0, instance:login.Verify_login_with_MultipleSetData@19b843ba]" started-at="2024-11-12T19:25:50 IST" name="launchBrowser" finished-at="2024-11-12T19:26:06 IST" duration-ms="16847" status="PASS">
          <reporter-output>
          </reporter-output>
        </test-method> <!-- launchBrowser -->
        <test-method signature="Verify_Login_functionality_with_multiple_SetData(java.lang.String,java.lang.String)[pri:0, instance:login.Verify_login_with_MultipleSetData@19b843ba]" started-at="2024-11-12T19:26:06 IST" name="Verify_Login_functionality_with_multiple_SetData" data-provider="LoginTestData1" finished-at="2024-11-12T19:26:09 IST" duration-ms="2507" status="PASS">
          <params>
            <param index="0">
              <value>
                <![CDATA[akash2806@gmail]]>
              </value>
            </param>
            <param index="1">
              <value>
                <![CDATA[Admin@123]]>
              </value>
            </param>
          </params>
          <reporter-output>
          </reporter-output>
        </test-method> <!-- Verify_Login_functionality_with_multiple_SetData -->
        <test-method is-config="true" signature="closeBrowser()[pri:0, instance:login.Verify_login_with_MultipleSetData@19b843ba]" started-at="2024-11-12T19:26:09 IST" name="closeBrowser" finished-at="2024-11-12T19:26:09 IST" duration-ms="297" status="PASS">
          <reporter-output>
          </reporter-output>
        </test-method> <!-- closeBrowser -->
        <test-method is-config="true" signature="launchBrowser()[pri:0, instance:login.Verify_login_with_MultipleSetData@19b843ba]" started-at="2024-11-12T19:26:09 IST" name="launchBrowser" finished-at="2024-11-12T19:26:25 IST" duration-ms="16070" status="PASS">
          <reporter-output>
          </reporter-output>
        </test-method> <!-- launchBrowser -->
        <test-method signature="Verify_Login_functionality_with_multiple_SetData(java.lang.String,java.lang.String)[pri:0, instance:login.Verify_login_with_MultipleSetData@19b843ba]" started-at="2024-11-12T19:26:25 IST" name="Verify_Login_functionality_with_multiple_SetData" data-provider="LoginTestData1" finished-at="2024-11-12T19:26:28 IST" duration-ms="2923" status="PASS">
          <params>
            <param index="0">
              <value>
                <![CDATA[ian2547@mailinator.com]]>
              </value>
            </param>
            <param index="1">
              <value>
                <![CDATA[Admin@564684964964798]]>
              </value>
            </param>
          </params>
          <reporter-output>
          </reporter-output>
        </test-method> <!-- Verify_Login_functionality_with_multiple_SetData -->
        <test-method is-config="true" signature="closeBrowser()[pri:0, instance:login.Verify_login_with_MultipleSetData@19b843ba]" started-at="2024-11-12T19:26:28 IST" name="closeBrowser" finished-at="2024-11-12T19:26:29 IST" duration-ms="292" status="PASS">
          <reporter-output>
          </reporter-output>
        </test-method> <!-- closeBrowser -->
        <test-method is-config="true" signature="launchBrowser()[pri:0, instance:login.Verify_login_with_MultipleSetData@19b843ba]" started-at="2024-11-12T19:26:29 IST" name="launchBrowser" finished-at="2024-11-12T19:26:45 IST" duration-ms="16297" status="PASS">
          <reporter-output>
          </reporter-output>
        </test-method> <!-- launchBrowser -->
        <test-method signature="Verify_Login_functionality_with_multiple_SetData(java.lang.String,java.lang.String)[pri:0, instance:login.Verify_login_with_MultipleSetData@19b843ba]" started-at="2024-11-12T19:26:45 IST" name="Verify_Login_functionality_with_multiple_SetData" data-provider="LoginTestData1" finished-at="2024-11-12T19:26:48 IST" duration-ms="2884" status="PASS">
          <params>
            <param index="0">
              <value>
                <![CDATA[ian2547@mailinator.com]]>
              </value>
            </param>
            <param index="1">
              <value>
                <![CDATA[1234567]]>
              </value>
            </param>
          </params>
          <reporter-output>
          </reporter-output>
        </test-method> <!-- Verify_Login_functionality_with_multiple_SetData -->
        <test-method is-config="true" signature="closeBrowser()[pri:0, instance:login.Verify_login_with_MultipleSetData@19b843ba]" started-at="2024-11-12T19:26:48 IST" name="closeBrowser" finished-at="2024-11-12T19:26:48 IST" duration-ms="278" status="PASS">
          <reporter-output>
          </reporter-output>
        </test-method> <!-- closeBrowser -->
      </class> <!-- login.Verify_login_with_MultipleSetData -->
    </test> <!-- Default test -->
  </suite> <!-- Default suite -->
</testng-results>
