<?xml version="1.0" encoding="UTF-8"?>
<testng-results ignored="7" total="8" passed="1" failed="0" skipped="0">
  <reporter-output>
  </reporter-output>
  <suite started-at="2024-12-04T18:13:45 IST" name="Suite" finished-at="2024-12-04T18:14:11 IST" duration-ms="25532">
    <groups>
    </groups>
    <test started-at="2024-12-04T18:13:45 IST" name="Verify_login_with_valid_credential1" finished-at="2024-12-04T18:14:11 IST" duration-ms="25532">
      <class name="login.LoginPage_TestCases">
        <test-method is-config="true" signature="launchBrowser()[pri:0, instance:login.LoginPage_TestCases@51bd8b5c]" started-at="2024-12-04T18:13:45 IST" name="launchBrowser" finished-at="2024-12-04T18:14:08 IST" duration-ms="22615" status="PASS">
          <reporter-output>
          </reporter-output>
        </test-method> <!-- launchBrowser -->
        <test-method signature="Verify_Login_with_valid_Credential()[pri:5, instance:login.LoginPage_TestCases@51bd8b5c]" started-at="2024-12-04T18:14:08 IST" name="Verify_Login_with_valid_Credential" finished-at="2024-12-04T18:14:10 IST" duration-ms="2426" status="PASS">
          <reporter-output>
          </reporter-output>
        </test-method> <!-- Verify_Login_with_valid_Credential -->
        <test-method is-config="true" signature="closeBrowser()[pri:0, instance:login.LoginPage_TestCases@51bd8b5c]" started-at="2024-12-04T18:14:10 IST" name="closeBrowser" finished-at="2024-12-04T18:14:11 IST" duration-ms="443" status="PASS">
          <reporter-output>
          </reporter-output>
        </test-method> <!-- closeBrowser -->
      </class> <!-- login.LoginPage_TestCases -->
    </test> <!-- Verify_login_with_valid_credential1 -->
  </suite> <!-- Suite -->
</testng-results>
